<?xml version="1.0" encoding="UTF-8"?>
<testng-results ignored="0" total="2" passed="2" failed="0" skipped="0">
  <reporter-output>
  </reporter-output>
  <suite started-at="2023-01-27T12:02:18 IST" name="Default suite" finished-at="2023-01-27T12:02:32 IST" duration-ms="14191">
    <groups>
    </groups>
    <test started-at="2023-01-27T12:02:18 IST" name="Default test" finished-at="2023-01-27T12:02:32 IST" duration-ms="14191">
      <class name="Test_Scenarios.TestCases">
        <test-method is-config="true" signature="befortest()[pri:0, instance:Test_Scenarios.TestCases@469d003c]" started-at="2023-01-27T12:02:18 IST" name="befortest" finished-at="2023-01-27T12:02:25 IST" duration-ms="7189" status="PASS">
          <reporter-output>
          </reporter-output>
        </test-method> <!-- befortest -->
        <test-method signature="EnterInput1()[pri:0, instance:Test_Scenarios.TestCases@469d003c]" started-at="2023-01-27T12:02:25 IST" name="EnterInput1" finished-at="2023-01-27T12:02:28 IST" duration-ms="3167" status="PASS">
          <reporter-output>
          </reporter-output>
        </test-method> <!-- EnterInput1 -->
        <test-method signature="EnterInput2()[pri:0, instance:Test_Scenarios.TestCases@469d003c]" started-at="2023-01-27T12:02:28 IST" name="EnterInput2" finished-at="2023-01-27T12:02:31 IST" duration-ms="3084" status="PASS">
          <reporter-output>
          </reporter-output>
        </test-method> <!-- EnterInput2 -->
        <test-method is-config="true" signature="aftertest()[pri:0, instance:Test_Scenarios.TestCases@469d003c]" started-at="2023-01-27T12:02:31 IST" name="aftertest" finished-at="2023-01-27T12:02:32 IST" duration-ms="685" status="PASS">
          <reporter-output>
          </reporter-output>
        </test-method> <!-- aftertest -->
      </class> <!-- Test_Scenarios.TestCases -->
    </test> <!-- Default test -->
  </suite> <!-- Default suite -->
</testng-results>
